{"/home/phouthalang/Desktop/hack-reactor/Streamifi-Video-Player/client/service/apiService.js": {"path":"/home/phouthalang/Desktop/hack-reactor/Streamifi-Video-Player/client/service/apiService.js","statementMap":{"0":{"start":{"line":3,"column":17},"end":{"line":3,"column":40}},"1":{"start":{"line":6,"column":19},"end":{"line":19,"column":1}},"2":{"start":{"line":10,"column":4},"end":{"line":16,"column":8}},"3":{"start":{"line":12,"column":8},"end":{"line":12,"column":40}},"4":{"start":{"line":14,"column":8},"end":{"line":14,"column":33}},"5":{"start":{"line":15,"column":8},"end":{"line":15,"column":35}}},"fnMap":{"0":{"name":"(anonymous_0)","decl":{"start":{"line":8,"column":18},"end":{"line":8,"column":19}},"loc":{"start":{"line":8,"column":32},"end":{"line":17,"column":3}},"line":8},"1":{"name":"(anonymous_1)","decl":{"start":{"line":11,"column":12},"end":{"line":11,"column":13}},"loc":{"start":{"line":11,"column":19},"end":{"line":13,"column":7}},"line":11},"2":{"name":"(anonymous_2)","decl":{"start":{"line":13,"column":15},"end":{"line":13,"column":16}},"loc":{"start":{"line":13,"column":22},"end":{"line":16,"column":7}},"line":13}},"branchMap":{},"s":{"0":2,"1":2,"2":6,"3":0,"4":0,"5":0},"f":{"0":6,"1":0,"2":0},"b":{},"_coverageSchema":"1a1c01bbd47fc00a2c39e90264f33305004495a9","hash":"a38e4cbbe742a4a1c60a6266ff302684ad0d6aa3"}
,"/home/phouthalang/Desktop/hack-reactor/Streamifi-Video-Player/client/src/components/App.jsx": {"path":"/home/phouthalang/Desktop/hack-reactor/Streamifi-Video-Player/client/src/components/App.jsx","statementMap":{"0":{"start":{"line":9,"column":8},"end":{"line":9,"column":20}},"1":{"start":{"line":11,"column":8},"end":{"line":13,"column":9}},"2":{"start":{"line":18,"column":8},"end":{"line":25,"column":9}}},"fnMap":{"0":{"name":"(anonymous_0)","decl":{"start":{"line":8,"column":4},"end":{"line":8,"column":5}},"loc":{"start":{"line":8,"column":23},"end":{"line":14,"column":5}},"line":8},"1":{"name":"(anonymous_1)","decl":{"start":{"line":16,"column":4},"end":{"line":16,"column":5}},"loc":{"start":{"line":16,"column":13},"end":{"line":26,"column":5}},"line":16}},"branchMap":{},"s":{"0":4,"1":4,"2":4},"f":{"0":4,"1":4},"b":{},"_coverageSchema":"1a1c01bbd47fc00a2c39e90264f33305004495a9","hash":"09e379ffd3783fc087f627e8b78dd3d16fc8c8b9"}
,"/home/phouthalang/Desktop/hack-reactor/Streamifi-Video-Player/client/src/components/player/VideoPlayer.jsx": {"path":"/home/phouthalang/Desktop/hack-reactor/Streamifi-Video-Player/client/src/components/player/VideoPlayer.jsx","statementMap":{"0":{"start":{"line":10,"column":8},"end":{"line":10,"column":21}},"1":{"start":{"line":11,"column":8},"end":{"line":15,"column":9}},"2":{"start":{"line":19,"column":28},"end":{"line":19,"column":50}},"3":{"start":{"line":20,"column":8},"end":{"line":22,"column":10}},"4":{"start":{"line":26,"column":8},"end":{"line":30,"column":10}},"5":{"start":{"line":36,"column":8},"end":{"line":40,"column":9}}},"fnMap":{"0":{"name":"(anonymous_0)","decl":{"start":{"line":9,"column":4},"end":{"line":9,"column":5}},"loc":{"start":{"line":9,"column":23},"end":{"line":16,"column":5}},"line":9},"1":{"name":"(anonymous_1)","decl":{"start":{"line":18,"column":4},"end":{"line":18,"column":5}},"loc":{"start":{"line":18,"column":24},"end":{"line":23,"column":5}},"line":18},"2":{"name":"(anonymous_2)","decl":{"start":{"line":25,"column":4},"end":{"line":25,"column":5}},"loc":{"start":{"line":25,"column":22},"end":{"line":31,"column":5}},"line":25},"3":{"name":"(anonymous_3)","decl":{"start":{"line":34,"column":4},"end":{"line":34,"column":5}},"loc":{"start":{"line":34,"column":13},"end":{"line":41,"column":5}},"line":34}},"branchMap":{},"s":{"0":4,"1":4,"2":4,"3":4,"4":4,"5":8},"f":{"0":4,"1":4,"2":4,"3":8},"b":{},"_coverageSchema":"1a1c01bbd47fc00a2c39e90264f33305004495a9","hash":"890e57812074bb87638ec297e86d401618d401f2"}
,"/home/phouthalang/Desktop/hack-reactor/Streamifi-Video-Player/client/src/components/redeemable/Redeemable.jsx": {"path":"/home/phouthalang/Desktop/hack-reactor/Streamifi-Video-Player/client/src/components/redeemable/Redeemable.jsx","statementMap":{"0":{"start":{"line":7,"column":4},"end":{"line":7,"column":17}},"1":{"start":{"line":8,"column":4},"end":{"line":10,"column":5}},"2":{"start":{"line":14,"column":4},"end":{"line":14,"column":26}},"3":{"start":{"line":18,"column":4},"end":{"line":27,"column":6}},"4":{"start":{"line":19,"column":6},"end":{"line":26,"column":7}},"5":{"start":{"line":20,"column":8},"end":{"line":20,"column":44}},"6":{"start":{"line":22,"column":8},"end":{"line":24,"column":10}},"7":{"start":{"line":25,"column":8},"end":{"line":25,"column":15}},"8":{"start":{"line":31,"column":4},"end":{"line":40,"column":6}},"9":{"start":{"line":32,"column":6},"end":{"line":39,"column":7}},"10":{"start":{"line":47,"column":4},"end":{"line":65,"column":5}}},"fnMap":{"0":{"name":"(anonymous_0)","decl":{"start":{"line":6,"column":2},"end":{"line":6,"column":3}},"loc":{"start":{"line":6,"column":21},"end":{"line":11,"column":3}},"line":6},"1":{"name":"(anonymous_1)","decl":{"start":{"line":13,"column":2},"end":{"line":13,"column":3}},"loc":{"start":{"line":13,"column":22},"end":{"line":15,"column":3}},"line":13},"2":{"name":"(anonymous_2)","decl":{"start":{"line":17,"column":2},"end":{"line":17,"column":3}},"loc":{"start":{"line":17,"column":19},"end":{"line":28,"column":3}},"line":17},"3":{"name":"(anonymous_3)","decl":{"start":{"line":18,"column":30},"end":{"line":18,"column":31}},"loc":{"start":{"line":18,"column":54},"end":{"line":27,"column":5}},"line":18},"4":{"name":"(anonymous_4)","decl":{"start":{"line":30,"column":2},"end":{"line":30,"column":3}},"loc":{"start":{"line":30,"column":39},"end":{"line":43,"column":3}},"line":30},"5":{"name":"(anonymous_5)","decl":{"start":{"line":31,"column":27},"end":{"line":31,"column":28}},"loc":{"start":{"line":31,"column":35},"end":{"line":40,"column":5}},"line":31},"6":{"name":"(anonymous_6)","decl":{"start":{"line":45,"column":2},"end":{"line":45,"column":3}},"loc":{"start":{"line":45,"column":11},"end":{"line":66,"column":3}},"line":45}},"branchMap":{"0":{"loc":{"start":{"line":19,"column":6},"end":{"line":26,"column":7}},"type":"if","locations":[{"start":{"line":19,"column":6},"end":{"line":26,"column":7}},{"start":{"line":19,"column":6},"end":{"line":26,"column":7}}],"line":19}},"s":{"0":6,"1":6,"2":6,"3":6,"4":0,"5":0,"6":0,"7":0,"8":6,"9":0,"10":6},"f":{"0":6,"1":6,"2":6,"3":0,"4":6,"5":0,"6":6},"b":{"0":[0,0]},"_coverageSchema":"1a1c01bbd47fc00a2c39e90264f33305004495a9","hash":"7f86c59f908d20124dadf96d8a8626f80527fd77"}
}
