TN:
SF:client/src/components/App.jsx
FN:8,(anonymous_0)
FN:16,(anonymous_1)
FNF:2
FNH:2
FNDA:4,(anonymous_0)
FNDA:4,(anonymous_1)
DA:9,4
DA:11,4
DA:18,4
LF:3
LH:3
BRF:0
BRH:0
end_of_record
TN:
SF:client/src/components/player/VideoPlayer.jsx
FN:9,(anonymous_0)
FN:18,(anonymous_1)
FN:25,(anonymous_2)
FN:34,(anonymous_3)
FNF:4
FNH:4
FNDA:4,(anonymous_0)
FNDA:4,(anonymous_1)
FNDA:4,(anonymous_2)
FNDA:8,(anonymous_3)
DA:10,4
DA:11,4
DA:19,4
DA:20,4
DA:26,4
DA:36,8
LF:6
LH:6
BRF:0
BRH:0
end_of_record
TN:
SF:client/src/components/redeemable/Redeemable.jsx
FN:5,(anonymous_0)
FN:12,(anonymous_1)
FN:19,(anonymous_2)
FNF:3
FNH:3
FNDA:4,(anonymous_0)
FNDA:3,(anonymous_1)
FNDA:7,(anonymous_2)
DA:6,4
DA:7,4
DA:13,3
DA:14,3
DA:21,7
LF:5
LH:5
BRF:0
BRH:0
end_of_record
